The target system is: Arduino -  - 
The host system is: Linux - 5.3.0-24-generic - x86_64
Compiling the C compiler identification source file "CMakeCCompilerId.c" succeeded.
Compiler: /opt/arduino-1.8.9/hardware/tools/avr/bin/avr-gcc 
Build flags: 
Id flags:  

The output was:
0


Compilation of the C compiler identification source "CMakeCCompilerId.c" produced "a.out"

The C compiler identification is GNU, found in "/home/thinkpad/workspace/tetris/tetris-arduino/cmake-build-debug/CMakeFiles/3.15.3/CompilerIdC/a.out"

Compiling the CXX compiler identification source file "CMakeCXXCompilerId.cpp" succeeded.
Compiler: /opt/arduino-1.8.9/hardware/tools/avr/bin/avr-g++ 
Build flags: 
Id flags:  

The output was:
0


Compilation of the CXX compiler identification source "CMakeCXXCompilerId.cpp" produced "a.out"

The CXX compiler identification is GNU, found in "/home/thinkpad/workspace/tetris/tetris-arduino/cmake-build-debug/CMakeFiles/3.15.3/CompilerIdCXX/a.out"

Determining if the C compiler works passed with the following output:
Change Dir: /home/thinkpad/workspace/tetris/tetris-arduino/cmake-build-debug/CMakeFiles/CMakeTmp

Run Build Command(s):/usr/bin/make cmTC_539c1/fast && /usr/bin/make -f CMakeFiles/cmTC_539c1.dir/build.make CMakeFiles/cmTC_539c1.dir/build
make[1]: Wejście do katalogu '/home/thinkpad/workspace/tetris/tetris-arduino/cmake-build-debug/CMakeFiles/CMakeTmp'
Building C object CMakeFiles/cmTC_539c1.dir/testCCompiler.c.obj
/opt/arduino-1.8.9/hardware/tools/avr/bin/avr-gcc   -g -Os -w -ffunction-sections -fdata-sections -MMD    -o CMakeFiles/cmTC_539c1.dir/testCCompiler.c.obj   -c /home/thinkpad/workspace/tetris/tetris-arduino/cmake-build-debug/CMakeFiles/CMakeTmp/testCCompiler.c
Linking C executable cmTC_539c1
/home/thinkpad/bin/clion-2019.3.2/bin/cmake/linux/bin/cmake -E cmake_link_script CMakeFiles/cmTC_539c1.dir/link.txt --verbose=1
/opt/arduino-1.8.9/hardware/tools/avr/bin/avr-gcc -g -Os -w -ffunction-sections -fdata-sections -MMD   -w -Os -Wl,--gc-sections  CMakeFiles/cmTC_539c1.dir/testCCompiler.c.obj  -o cmTC_539c1 
make[1]: Opuszczenie katalogu '/home/thinkpad/workspace/tetris/tetris-arduino/cmake-build-debug/CMakeFiles/CMakeTmp'



Detecting C compiler ABI info compiled with the following output:
Change Dir: /home/thinkpad/workspace/tetris/tetris-arduino/cmake-build-debug/CMakeFiles/CMakeTmp

Run Build Command(s):/usr/bin/make cmTC_b06bd/fast && /usr/bin/make -f CMakeFiles/cmTC_b06bd.dir/build.make CMakeFiles/cmTC_b06bd.dir/build
make[1]: Entering directory '/home/thinkpad/workspace/tetris/tetris-arduino/cmake-build-debug/CMakeFiles/CMakeTmp'
Building C object CMakeFiles/cmTC_b06bd.dir/CMakeCCompilerABI.c.obj
/opt/arduino-1.8.9/hardware/tools/avr/bin/avr-gcc   -g -Os -w -ffunction-sections -fdata-sections -MMD    -v -o CMakeFiles/cmTC_b06bd.dir/CMakeCCompilerABI.c.obj   -c /home/thinkpad/bin/clion-2019.3.2/bin/cmake/linux/share/cmake-3.15/Modules/CMakeCCompilerABI.c
Using built-in specs.
Reading specs from /opt/arduino-1.8.9/hardware/tools/avr/bin/../lib/gcc/avr/5.4.0/device-specs/specs-avr2
COLLECT_GCC=/opt/arduino-1.8.9/hardware/tools/avr/bin/avr-gcc
Target: avr
Configured with: ../gcc/configure --enable-fixed-point --enable-languages=c,c++ --prefix=/home/jenkins/workspace/avr-gcc-staging/label/debian7-x86_64/objdir --disable-nls --disable-libssp --disable-libada --disable-shared --with-avrlibc=yes --with-dwarf2 --disable-doc --target=avr
Thread model: single
gcc version 5.4.0 (GCC) 
COLLECT_GCC_OPTIONS='-g' '-Os' '-w' '-ffunction-sections' '-fdata-sections' '-MMD' '-v' '-o' 'CMakeFiles/cmTC_b06bd.dir/CMakeCCompilerABI.c.obj' '-c' '-specs=device-specs/specs-avr2'
 /opt/arduino-1.8.9/hardware/tools/avr/bin/../libexec/gcc/avr/5.4.0/cc1 -quiet -v -iprefix /opt/arduino-1.8.9/hardware/tools/avr/bin/../lib/gcc/avr/5.4.0/ -MMD CMakeFiles/cmTC_b06bd.dir/CMakeCCompilerABI.c.d -MQ CMakeFiles/cmTC_b06bd.dir/CMakeCCompilerABI.c.obj /home/thinkpad/bin/clion-2019.3.2/bin/cmake/linux/share/cmake-3.15/Modules/CMakeCCompilerABI.c -mn-flash=1 -mskip-bug -quiet -dumpbase CMakeCCompilerABI.c -auxbase-strip CMakeFiles/cmTC_b06bd.dir/CMakeCCompilerABI.c.obj -g -Os -w -version -ffunction-sections -fdata-sections -o /tmp/ccXv9AxO.s
GNU C11 (GCC) version 5.4.0 (avr)
	compiled by GNU C version 4.7.2, GMP version 5.0.2, MPFR version 3.0.0, MPC version 0.9
GGC heuristics: --param ggc-min-expand=100 --param ggc-min-heapsize=131072
ignoring nonexistent directory "/opt/arduino-1.8.9/hardware/tools/avr/bin/../lib/gcc/avr/5.4.0/../../../../avr/sys-include"
ignoring duplicate directory "/opt/arduino-1.8.9/hardware/tools/avr/bin/../lib/gcc/../../lib/gcc/avr/5.4.0/include"
ignoring duplicate directory "/opt/arduino-1.8.9/hardware/tools/avr/bin/../lib/gcc/../../lib/gcc/avr/5.4.0/include-fixed"
ignoring nonexistent directory "/opt/arduino-1.8.9/hardware/tools/avr/bin/../lib/gcc/../../lib/gcc/avr/5.4.0/../../../../avr/sys-include"
ignoring duplicate directory "/opt/arduino-1.8.9/hardware/tools/avr/bin/../lib/gcc/../../lib/gcc/avr/5.4.0/../../../../avr/include"
#include "..." search starts here:
#include <...> search starts here:
 /opt/arduino-1.8.9/hardware/tools/avr/bin/../lib/gcc/avr/5.4.0/include
 /opt/arduino-1.8.9/hardware/tools/avr/bin/../lib/gcc/avr/5.4.0/include-fixed
 /opt/arduino-1.8.9/hardware/tools/avr/bin/../lib/gcc/avr/5.4.0/../../../../avr/include
End of search list.
GNU C11 (GCC) version 5.4.0 (avr)
	compiled by GNU C version 4.7.2, GMP version 5.0.2, MPFR version 3.0.0, MPC version 0.9
GGC heuristics: --param ggc-min-expand=100 --param ggc-min-heapsize=131072
Compiler executable checksum: f5d8cea1c47b4bee125131f132d8a042
COLLECT_GCC_OPTIONS='-g' '-Os' '-w' '-ffunction-sections' '-fdata-sections' '-MMD' '-v' '-o' 'CMakeFiles/cmTC_b06bd.dir/CMakeCCompilerABI.c.obj' '-c' '-specs=device-specs/specs-avr2'
 /opt/arduino-1.8.9/hardware/tools/avr/bin/../lib/gcc/avr/5.4.0/../../../../avr/bin/as -mmcu=avr2 -o CMakeFiles/cmTC_b06bd.dir/CMakeCCompilerABI.c.obj /tmp/ccXv9AxO.s
COMPILER_PATH=/opt/arduino-1.8.9/hardware/tools/avr/bin/../libexec/gcc/avr/5.4.0/:/opt/arduino-1.8.9/hardware/tools/avr/bin/../libexec/gcc/:/opt/arduino-1.8.9/hardware/tools/avr/bin/../lib/gcc/avr/5.4.0/../../../../avr/bin/
LIBRARY_PATH=/opt/arduino-1.8.9/hardware/tools/avr/bin/../lib/gcc/avr/5.4.0/:/opt/arduino-1.8.9/hardware/tools/avr/bin/../lib/gcc/:/opt/arduino-1.8.9/hardware/tools/avr/bin/../lib/gcc/avr/5.4.0/../../../../avr/lib/
COLLECT_GCC_OPTIONS='-g' '-Os' '-w' '-ffunction-sections' '-fdata-sections' '-MMD' '-v' '-o' 'CMakeFiles/cmTC_b06bd.dir/CMakeCCompilerABI.c.obj' '-c' '-specs=device-specs/specs-avr2'
Linking C executable cmTC_b06bd
/home/thinkpad/bin/clion-2019.3.2/bin/cmake/linux/bin/cmake -E cmake_link_script CMakeFiles/cmTC_b06bd.dir/link.txt --verbose=1
/opt/arduino-1.8.9/hardware/tools/avr/bin/avr-gcc -g -Os -w -ffunction-sections -fdata-sections -MMD   -w -Os -Wl,--gc-sections -v CMakeFiles/cmTC_b06bd.dir/CMakeCCompilerABI.c.obj  -o cmTC_b06bd 
Using built-in specs.
Reading specs from /opt/arduino-1.8.9/hardware/tools/avr/bin/../lib/gcc/avr/5.4.0/device-specs/specs-avr2
COLLECT_GCC=/opt/arduino-1.8.9/hardware/tools/avr/bin/avr-gcc
COLLECT_LTO_WRAPPER=/opt/arduino-1.8.9/hardware/tools/avr/bin/../libexec/gcc/avr/5.4.0/lto-wrapper
Target: avr
Configured with: ../gcc/configure --enable-fixed-point --enable-languages=c,c++ --prefix=/home/jenkins/workspace/avr-gcc-staging/label/debian7-x86_64/objdir --disable-nls --disable-libssp --disable-libada --disable-shared --with-avrlibc=yes --with-dwarf2 --disable-doc --target=avr
Thread model: single
gcc version 5.4.0 (GCC) 
COMPILER_PATH=/opt/arduino-1.8.9/hardware/tools/avr/bin/../libexec/gcc/avr/5.4.0/:/opt/arduino-1.8.9/hardware/tools/avr/bin/../libexec/gcc/:/opt/arduino-1.8.9/hardware/tools/avr/bin/../lib/gcc/avr/5.4.0/../../../../avr/bin/
LIBRARY_PATH=/opt/arduino-1.8.9/hardware/tools/avr/bin/../lib/gcc/avr/5.4.0/:/opt/arduino-1.8.9/hardware/tools/avr/bin/../lib/gcc/:/opt/arduino-1.8.9/hardware/tools/avr/bin/../lib/gcc/avr/5.4.0/../../../../avr/lib/
COLLECT_GCC_OPTIONS='-g' '-Os' '-w' '-ffunction-sections' '-fdata-sections' '-MMD' '-w' '-Os' '-v' '-o' 'cmTC_b06bd' '-specs=device-specs/specs-avr2'
 /opt/arduino-1.8.9/hardware/tools/avr/bin/../libexec/gcc/avr/5.4.0/collect2 -plugin /opt/arduino-1.8.9/hardware/tools/avr/bin/../libexec/gcc/avr/5.4.0/liblto_plugin.so -plugin-opt=/opt/arduino-1.8.9/hardware/tools/avr/bin/../libexec/gcc/avr/5.4.0/lto-wrapper -plugin-opt=-fresolution=/tmp/ccl2Wm8f.res -plugin-opt=-pass-through=-lgcc -plugin-opt=-pass-through=-lm -plugin-opt=-pass-through=-lc --pmem-wrap-around=8k -o cmTC_b06bd -L/opt/arduino-1.8.9/hardware/tools/avr/bin/../lib/gcc/avr/5.4.0 -L/opt/arduino-1.8.9/hardware/tools/avr/bin/../lib/gcc -L/opt/arduino-1.8.9/hardware/tools/avr/bin/../lib/gcc/avr/5.4.0/../../../../avr/lib --gc-sections CMakeFiles/cmTC_b06bd.dir/CMakeCCompilerABI.c.obj --start-group -lgcc -lm -lc --end-group
make[1]: Leaving directory '/home/thinkpad/workspace/tetris/tetris-arduino/cmake-build-debug/CMakeFiles/CMakeTmp'



Parsed C implicit include dir info from above output: rv=done
  found start of include info
  found start of implicit include info
    add: [/opt/arduino-1.8.9/hardware/tools/avr/bin/../lib/gcc/avr/5.4.0/include]
    add: [/opt/arduino-1.8.9/hardware/tools/avr/bin/../lib/gcc/avr/5.4.0/include-fixed]
    add: [/opt/arduino-1.8.9/hardware/tools/avr/bin/../lib/gcc/avr/5.4.0/../../../../avr/include]
  end of search list found
  collapse include dir [/opt/arduino-1.8.9/hardware/tools/avr/bin/../lib/gcc/avr/5.4.0/include] ==> [/opt/arduino-1.8.9/hardware/tools/avr/lib/gcc/avr/5.4.0/include]
  collapse include dir [/opt/arduino-1.8.9/hardware/tools/avr/bin/../lib/gcc/avr/5.4.0/include-fixed] ==> [/opt/arduino-1.8.9/hardware/tools/avr/lib/gcc/avr/5.4.0/include-fixed]
  collapse include dir [/opt/arduino-1.8.9/hardware/tools/avr/bin/../lib/gcc/avr/5.4.0/../../../../avr/include] ==> [/opt/arduino-1.8.9/hardware/tools/avr/avr/include]
  implicit include dirs: [/opt/arduino-1.8.9/hardware/tools/avr/lib/gcc/avr/5.4.0/include;/opt/arduino-1.8.9/hardware/tools/avr/lib/gcc/avr/5.4.0/include-fixed;/opt/arduino-1.8.9/hardware/tools/avr/avr/include]


Parsed C implicit link information from above output:
  link line regex: [^( *|.*[/\])(avr-ld|CMAKE_LINK_STARTFILE-NOTFOUND|([^/\]+-)?ld|collect2)[^/\]*( |$)]
  ignore line: [Change Dir: /home/thinkpad/workspace/tetris/tetris-arduino/cmake-build-debug/CMakeFiles/CMakeTmp]
  ignore line: []
  ignore line: [Run Build Command(s):/usr/bin/make cmTC_b06bd/fast && /usr/bin/make -f CMakeFiles/cmTC_b06bd.dir/build.make CMakeFiles/cmTC_b06bd.dir/build]
  ignore line: [make[1]: Entering directory '/home/thinkpad/workspace/tetris/tetris-arduino/cmake-build-debug/CMakeFiles/CMakeTmp']
  ignore line: [Building C object CMakeFiles/cmTC_b06bd.dir/CMakeCCompilerABI.c.obj]
  ignore line: [/opt/arduino-1.8.9/hardware/tools/avr/bin/avr-gcc   -g -Os -w -ffunction-sections -fdata-sections -MMD    -v -o CMakeFiles/cmTC_b06bd.dir/CMakeCCompilerABI.c.obj   -c /home/thinkpad/bin/clion-2019.3.2/bin/cmake/linux/share/cmake-3.15/Modules/CMakeCCompilerABI.c]
  ignore line: [Using built-in specs.]
  ignore line: [Reading specs from /opt/arduino-1.8.9/hardware/tools/avr/bin/../lib/gcc/avr/5.4.0/device-specs/specs-avr2]
  ignore line: [COLLECT_GCC=/opt/arduino-1.8.9/hardware/tools/avr/bin/avr-gcc]
  ignore line: [Target: avr]
  ignore line: [Configured with: ../gcc/configure --enable-fixed-point --enable-languages=c,c++ --prefix=/home/jenkins/workspace/avr-gcc-staging/label/debian7-x86_64/objdir --disable-nls --disable-libssp --disable-libada --disable-shared --with-avrlibc=yes --with-dwarf2 --disable-doc --target=avr]
  ignore line: [Thread model: single]
  ignore line: [gcc version 5.4.0 (GCC) ]
  ignore line: [COLLECT_GCC_OPTIONS='-g' '-Os' '-w' '-ffunction-sections' '-fdata-sections' '-MMD' '-v' '-o' 'CMakeFiles/cmTC_b06bd.dir/CMakeCCompilerABI.c.obj' '-c' '-specs=device-specs/specs-avr2']
  ignore line: [ /opt/arduino-1.8.9/hardware/tools/avr/bin/../libexec/gcc/avr/5.4.0/cc1 -quiet -v -iprefix /opt/arduino-1.8.9/hardware/tools/avr/bin/../lib/gcc/avr/5.4.0/ -MMD CMakeFiles/cmTC_b06bd.dir/CMakeCCompilerABI.c.d -MQ CMakeFiles/cmTC_b06bd.dir/CMakeCCompilerABI.c.obj /home/thinkpad/bin/clion-2019.3.2/bin/cmake/linux/share/cmake-3.15/Modules/CMakeCCompilerABI.c -mn-flash=1 -mskip-bug -quiet -dumpbase CMakeCCompilerABI.c -auxbase-strip CMakeFiles/cmTC_b06bd.dir/CMakeCCompilerABI.c.obj -g -Os -w -version -ffunction-sections -fdata-sections -o /tmp/ccXv9AxO.s]
  ignore line: [GNU C11 (GCC) version 5.4.0 (avr)]
  ignore line: [	compiled by GNU C version 4.7.2, GMP version 5.0.2, MPFR version 3.0.0, MPC version 0.9]
  ignore line: [GGC heuristics: --param ggc-min-expand=100 --param ggc-min-heapsize=131072]
  ignore line: [ignoring nonexistent directory "/opt/arduino-1.8.9/hardware/tools/avr/bin/../lib/gcc/avr/5.4.0/../../../../avr/sys-include"]
  ignore line: [ignoring duplicate directory "/opt/arduino-1.8.9/hardware/tools/avr/bin/../lib/gcc/../../lib/gcc/avr/5.4.0/include"]
  ignore line: [ignoring duplicate directory "/opt/arduino-1.8.9/hardware/tools/avr/bin/../lib/gcc/../../lib/gcc/avr/5.4.0/include-fixed"]
  ignore line: [ignoring nonexistent directory "/opt/arduino-1.8.9/hardware/tools/avr/bin/../lib/gcc/../../lib/gcc/avr/5.4.0/../../../../avr/sys-include"]
  ignore line: [ignoring duplicate directory "/opt/arduino-1.8.9/hardware/tools/avr/bin/../lib/gcc/../../lib/gcc/avr/5.4.0/../../../../avr/include"]
  ignore line: [#include "..." search starts here:]
  ignore line: [#include <...> search starts here:]
  ignore line: [ /opt/arduino-1.8.9/hardware/tools/avr/bin/../lib/gcc/avr/5.4.0/include]
  ignore line: [ /opt/arduino-1.8.9/hardware/tools/avr/bin/../lib/gcc/avr/5.4.0/include-fixed]
  ignore line: [ /opt/arduino-1.8.9/hardware/tools/avr/bin/../lib/gcc/avr/5.4.0/../../../../avr/include]
  ignore line: [End of search list.]
  ignore line: [GNU C11 (GCC) version 5.4.0 (avr)]
  ignore line: [	compiled by GNU C version 4.7.2, GMP version 5.0.2, MPFR version 3.0.0, MPC version 0.9]
  ignore line: [GGC heuristics: --param ggc-min-expand=100 --param ggc-min-heapsize=131072]
  ignore line: [Compiler executable checksum: f5d8cea1c47b4bee125131f132d8a042]
  ignore line: [COLLECT_GCC_OPTIONS='-g' '-Os' '-w' '-ffunction-sections' '-fdata-sections' '-MMD' '-v' '-o' 'CMakeFiles/cmTC_b06bd.dir/CMakeCCompilerABI.c.obj' '-c' '-specs=device-specs/specs-avr2']
  ignore line: [ /opt/arduino-1.8.9/hardware/tools/avr/bin/../lib/gcc/avr/5.4.0/../../../../avr/bin/as -mmcu=avr2 -o CMakeFiles/cmTC_b06bd.dir/CMakeCCompilerABI.c.obj /tmp/ccXv9AxO.s]
  ignore line: [COMPILER_PATH=/opt/arduino-1.8.9/hardware/tools/avr/bin/../libexec/gcc/avr/5.4.0/:/opt/arduino-1.8.9/hardware/tools/avr/bin/../libexec/gcc/:/opt/arduino-1.8.9/hardware/tools/avr/bin/../lib/gcc/avr/5.4.0/../../../../avr/bin/]
  ignore line: [LIBRARY_PATH=/opt/arduino-1.8.9/hardware/tools/avr/bin/../lib/gcc/avr/5.4.0/:/opt/arduino-1.8.9/hardware/tools/avr/bin/../lib/gcc/:/opt/arduino-1.8.9/hardware/tools/avr/bin/../lib/gcc/avr/5.4.0/../../../../avr/lib/]
  ignore line: [COLLECT_GCC_OPTIONS='-g' '-Os' '-w' '-ffunction-sections' '-fdata-sections' '-MMD' '-v' '-o' 'CMakeFiles/cmTC_b06bd.dir/CMakeCCompilerABI.c.obj' '-c' '-specs=device-specs/specs-avr2']
  ignore line: [Linking C executable cmTC_b06bd]
  ignore line: [/home/thinkpad/bin/clion-2019.3.2/bin/cmake/linux/bin/cmake -E cmake_link_script CMakeFiles/cmTC_b06bd.dir/link.txt --verbose=1]
  ignore line: [/opt/arduino-1.8.9/hardware/tools/avr/bin/avr-gcc -g -Os -w -ffunction-sections -fdata-sections -MMD   -w -Os -Wl,--gc-sections -v CMakeFiles/cmTC_b06bd.dir/CMakeCCompilerABI.c.obj  -o cmTC_b06bd ]
  ignore line: [Using built-in specs.]
  ignore line: [Reading specs from /opt/arduino-1.8.9/hardware/tools/avr/bin/../lib/gcc/avr/5.4.0/device-specs/specs-avr2]
  ignore line: [COLLECT_GCC=/opt/arduino-1.8.9/hardware/tools/avr/bin/avr-gcc]
  ignore line: [COLLECT_LTO_WRAPPER=/opt/arduino-1.8.9/hardware/tools/avr/bin/../libexec/gcc/avr/5.4.0/lto-wrapper]
  ignore line: [Target: avr]
  ignore line: [Configured with: ../gcc/configure --enable-fixed-point --enable-languages=c,c++ --prefix=/home/jenkins/workspace/avr-gcc-staging/label/debian7-x86_64/objdir --disable-nls --disable-libssp --disable-libada --disable-shared --with-avrlibc=yes --with-dwarf2 --disable-doc --target=avr]
  ignore line: [Thread model: single]
  ignore line: [gcc version 5.4.0 (GCC) ]
  ignore line: [COMPILER_PATH=/opt/arduino-1.8.9/hardware/tools/avr/bin/../libexec/gcc/avr/5.4.0/:/opt/arduino-1.8.9/hardware/tools/avr/bin/../libexec/gcc/:/opt/arduino-1.8.9/hardware/tools/avr/bin/../lib/gcc/avr/5.4.0/../../../../avr/bin/]
  ignore line: [LIBRARY_PATH=/opt/arduino-1.8.9/hardware/tools/avr/bin/../lib/gcc/avr/5.4.0/:/opt/arduino-1.8.9/hardware/tools/avr/bin/../lib/gcc/:/opt/arduino-1.8.9/hardware/tools/avr/bin/../lib/gcc/avr/5.4.0/../../../../avr/lib/]
  ignore line: [COLLECT_GCC_OPTIONS='-g' '-Os' '-w' '-ffunction-sections' '-fdata-sections' '-MMD' '-w' '-Os' '-v' '-o' 'cmTC_b06bd' '-specs=device-specs/specs-avr2']
  link line: [ /opt/arduino-1.8.9/hardware/tools/avr/bin/../libexec/gcc/avr/5.4.0/collect2 -plugin /opt/arduino-1.8.9/hardware/tools/avr/bin/../libexec/gcc/avr/5.4.0/liblto_plugin.so -plugin-opt=/opt/arduino-1.8.9/hardware/tools/avr/bin/../libexec/gcc/avr/5.4.0/lto-wrapper -plugin-opt=-fresolution=/tmp/ccl2Wm8f.res -plugin-opt=-pass-through=-lgcc -plugin-opt=-pass-through=-lm -plugin-opt=-pass-through=-lc --pmem-wrap-around=8k -o cmTC_b06bd -L/opt/arduino-1.8.9/hardware/tools/avr/bin/../lib/gcc/avr/5.4.0 -L/opt/arduino-1.8.9/hardware/tools/avr/bin/../lib/gcc -L/opt/arduino-1.8.9/hardware/tools/avr/bin/../lib/gcc/avr/5.4.0/../../../../avr/lib --gc-sections CMakeFiles/cmTC_b06bd.dir/CMakeCCompilerABI.c.obj --start-group -lgcc -lm -lc --end-group]
    arg [/opt/arduino-1.8.9/hardware/tools/avr/bin/../libexec/gcc/avr/5.4.0/collect2] ==> ignore
    arg [-plugin] ==> ignore
    arg [/opt/arduino-1.8.9/hardware/tools/avr/bin/../libexec/gcc/avr/5.4.0/liblto_plugin.so] ==> ignore
    arg [-plugin-opt=/opt/arduino-1.8.9/hardware/tools/avr/bin/../libexec/gcc/avr/5.4.0/lto-wrapper] ==> ignore
    arg [-plugin-opt=-fresolution=/tmp/ccl2Wm8f.res] ==> ignore
    arg [-plugin-opt=-pass-through=-lgcc] ==> ignore
    arg [-plugin-opt=-pass-through=-lm] ==> ignore
    arg [-plugin-opt=-pass-through=-lc] ==> ignore
    arg [--pmem-wrap-around=8k] ==> ignore
    arg [-o] ==> ignore
    arg [cmTC_b06bd] ==> ignore
    arg [-L/opt/arduino-1.8.9/hardware/tools/avr/bin/../lib/gcc/avr/5.4.0] ==> dir [/opt/arduino-1.8.9/hardware/tools/avr/bin/../lib/gcc/avr/5.4.0]
    arg [-L/opt/arduino-1.8.9/hardware/tools/avr/bin/../lib/gcc] ==> dir [/opt/arduino-1.8.9/hardware/tools/avr/bin/../lib/gcc]
    arg [-L/opt/arduino-1.8.9/hardware/tools/avr/bin/../lib/gcc/avr/5.4.0/../../../../avr/lib] ==> dir [/opt/arduino-1.8.9/hardware/tools/avr/bin/../lib/gcc/avr/5.4.0/../../../../avr/lib]
    arg [--gc-sections] ==> ignore
    arg [CMakeFiles/cmTC_b06bd.dir/CMakeCCompilerABI.c.obj] ==> ignore
    arg [--start-group] ==> ignore
    arg [-lgcc] ==> lib [gcc]
    arg [-lm] ==> lib [m]
    arg [-lc] ==> lib [c]
    arg [--end-group] ==> ignore
  collapse library dir [/opt/arduino-1.8.9/hardware/tools/avr/bin/../lib/gcc/avr/5.4.0] ==> [/opt/arduino-1.8.9/hardware/tools/avr/lib/gcc/avr/5.4.0]
  collapse library dir [/opt/arduino-1.8.9/hardware/tools/avr/bin/../lib/gcc] ==> [/opt/arduino-1.8.9/hardware/tools/avr/lib/gcc]
  collapse library dir [/opt/arduino-1.8.9/hardware/tools/avr/bin/../lib/gcc/avr/5.4.0/../../../../avr/lib] ==> [/opt/arduino-1.8.9/hardware/tools/avr/avr/lib]
  implicit libs: [gcc;m;c]
  implicit dirs: [/opt/arduino-1.8.9/hardware/tools/avr/lib/gcc/avr/5.4.0;/opt/arduino-1.8.9/hardware/tools/avr/lib/gcc;/opt/arduino-1.8.9/hardware/tools/avr/avr/lib]
  implicit fwks: []


Determining if the CXX compiler works passed with the following output:
Change Dir: /home/thinkpad/workspace/tetris/tetris-arduino/cmake-build-debug/CMakeFiles/CMakeTmp

Run Build Command(s):/usr/bin/make cmTC_14b20/fast && /usr/bin/make -f CMakeFiles/cmTC_14b20.dir/build.make CMakeFiles/cmTC_14b20.dir/build
make[1]: Wejście do katalogu '/home/thinkpad/workspace/tetris/tetris-arduino/cmake-build-debug/CMakeFiles/CMakeTmp'
Building CXX object CMakeFiles/cmTC_14b20.dir/testCXXCompiler.cxx.obj
/opt/arduino-1.8.9/hardware/tools/avr/bin/avr-g++    -g -Os -w -fno-exceptions -ffunction-sections -fdata-sections -fno-threadsafe-statics -MMD    -o CMakeFiles/cmTC_14b20.dir/testCXXCompiler.cxx.obj -c /home/thinkpad/workspace/tetris/tetris-arduino/cmake-build-debug/CMakeFiles/CMakeTmp/testCXXCompiler.cxx
Linking CXX executable cmTC_14b20
/home/thinkpad/bin/clion-2019.3.2/bin/cmake/linux/bin/cmake -E cmake_link_script CMakeFiles/cmTC_14b20.dir/link.txt --verbose=1
/opt/arduino-1.8.9/hardware/tools/avr/bin/avr-g++  -g -Os -w -fno-exceptions -ffunction-sections -fdata-sections -fno-threadsafe-statics -MMD   -w -Os -Wl,--gc-sections  CMakeFiles/cmTC_14b20.dir/testCXXCompiler.cxx.obj  -o cmTC_14b20 
make[1]: Opuszczenie katalogu '/home/thinkpad/workspace/tetris/tetris-arduino/cmake-build-debug/CMakeFiles/CMakeTmp'



Detecting CXX compiler ABI info compiled with the following output:
Change Dir: /home/thinkpad/workspace/tetris/tetris-arduino/cmake-build-debug/CMakeFiles/CMakeTmp

Run Build Command(s):/usr/bin/make cmTC_93759/fast && /usr/bin/make -f CMakeFiles/cmTC_93759.dir/build.make CMakeFiles/cmTC_93759.dir/build
make[1]: Entering directory '/home/thinkpad/workspace/tetris/tetris-arduino/cmake-build-debug/CMakeFiles/CMakeTmp'
Building CXX object CMakeFiles/cmTC_93759.dir/CMakeCXXCompilerABI.cpp.obj
/opt/arduino-1.8.9/hardware/tools/avr/bin/avr-g++    -g -Os -w -fno-exceptions -ffunction-sections -fdata-sections -fno-threadsafe-statics -MMD    -v -o CMakeFiles/cmTC_93759.dir/CMakeCXXCompilerABI.cpp.obj -c /home/thinkpad/bin/clion-2019.3.2/bin/cmake/linux/share/cmake-3.15/Modules/CMakeCXXCompilerABI.cpp
Using built-in specs.
Reading specs from /opt/arduino-1.8.9/hardware/tools/avr/bin/../lib/gcc/avr/5.4.0/device-specs/specs-avr2
COLLECT_GCC=/opt/arduino-1.8.9/hardware/tools/avr/bin/avr-g++
Target: avr
Configured with: ../gcc/configure --enable-fixed-point --enable-languages=c,c++ --prefix=/home/jenkins/workspace/avr-gcc-staging/label/debian7-x86_64/objdir --disable-nls --disable-libssp --disable-libada --disable-shared --with-avrlibc=yes --with-dwarf2 --disable-doc --target=avr
Thread model: single
gcc version 5.4.0 (GCC) 
COLLECT_GCC_OPTIONS='-g' '-Os' '-w' '-fno-exceptions' '-ffunction-sections' '-fdata-sections' '-fno-threadsafe-statics' '-MMD' '-v' '-o' 'CMakeFiles/cmTC_93759.dir/CMakeCXXCompilerABI.cpp.obj' '-c' '-specs=device-specs/specs-avr2'
 /opt/arduino-1.8.9/hardware/tools/avr/bin/../libexec/gcc/avr/5.4.0/cc1plus -quiet -v -iprefix /opt/arduino-1.8.9/hardware/tools/avr/bin/../lib/gcc/avr/5.4.0/ -MMD CMakeFiles/cmTC_93759.dir/CMakeCXXCompilerABI.cpp.d -MQ CMakeFiles/cmTC_93759.dir/CMakeCXXCompilerABI.cpp.obj /home/thinkpad/bin/clion-2019.3.2/bin/cmake/linux/share/cmake-3.15/Modules/CMakeCXXCompilerABI.cpp -mn-flash=1 -mskip-bug -quiet -dumpbase CMakeCXXCompilerABI.cpp -auxbase-strip CMakeFiles/cmTC_93759.dir/CMakeCXXCompilerABI.cpp.obj -g -Os -w -version -fno-exceptions -ffunction-sections -fdata-sections -fno-threadsafe-statics -mn-flash=1 -mskip-bug -fno-rtti -fno-enforce-eh-specs -fno-exceptions -o /tmp/ccM5rBlK.s
GNU C++ (GCC) version 5.4.0 (avr)
	compiled by GNU C version 4.7.2, GMP version 5.0.2, MPFR version 3.0.0, MPC version 0.9
GGC heuristics: --param ggc-min-expand=100 --param ggc-min-heapsize=131072
ignoring nonexistent directory "/opt/arduino-1.8.9/hardware/tools/avr/bin/../lib/gcc/avr/5.4.0/../../../../avr/include/c++/5.4.0"
ignoring nonexistent directory "/opt/arduino-1.8.9/hardware/tools/avr/bin/../lib/gcc/avr/5.4.0/../../../../avr/include/c++/5.4.0/avr"
ignoring nonexistent directory "/opt/arduino-1.8.9/hardware/tools/avr/bin/../lib/gcc/avr/5.4.0/../../../../avr/include/c++/5.4.0/backward"
ignoring nonexistent directory "/opt/arduino-1.8.9/hardware/tools/avr/bin/../lib/gcc/avr/5.4.0/../../../../avr/sys-include"
ignoring nonexistent directory "/opt/arduino-1.8.9/hardware/tools/avr/bin/../lib/gcc/../../lib/gcc/avr/5.4.0/../../../../avr/include/c++/5.4.0"
ignoring nonexistent directory "/opt/arduino-1.8.9/hardware/tools/avr/bin/../lib/gcc/../../lib/gcc/avr/5.4.0/../../../../avr/include/c++/5.4.0/avr"
ignoring nonexistent directory "/opt/arduino-1.8.9/hardware/tools/avr/bin/../lib/gcc/../../lib/gcc/avr/5.4.0/../../../../avr/include/c++/5.4.0/backward"
ignoring duplicate directory "/opt/arduino-1.8.9/hardware/tools/avr/bin/../lib/gcc/../../lib/gcc/avr/5.4.0/include"
ignoring duplicate directory "/opt/arduino-1.8.9/hardware/tools/avr/bin/../lib/gcc/../../lib/gcc/avr/5.4.0/include-fixed"
ignoring nonexistent directory "/opt/arduino-1.8.9/hardware/tools/avr/bin/../lib/gcc/../../lib/gcc/avr/5.4.0/../../../../avr/sys-include"
ignoring duplicate directory "/opt/arduino-1.8.9/hardware/tools/avr/bin/../lib/gcc/../../lib/gcc/avr/5.4.0/../../../../avr/include"
#include "..." search starts here:
#include <...> search starts here:
 /opt/arduino-1.8.9/hardware/tools/avr/bin/../lib/gcc/avr/5.4.0/include
 /opt/arduino-1.8.9/hardware/tools/avr/bin/../lib/gcc/avr/5.4.0/include-fixed
 /opt/arduino-1.8.9/hardware/tools/avr/bin/../lib/gcc/avr/5.4.0/../../../../avr/include
End of search list.
GNU C++ (GCC) version 5.4.0 (avr)
	compiled by GNU C version 4.7.2, GMP version 5.0.2, MPFR version 3.0.0, MPC version 0.9
GGC heuristics: --param ggc-min-expand=100 --param ggc-min-heapsize=131072
Compiler executable checksum: 2807235df8e4e1c1f4596ebd9fe8926b
COLLECT_GCC_OPTIONS='-g' '-Os' '-w' '-fno-exceptions' '-ffunction-sections' '-fdata-sections' '-fno-threadsafe-statics' '-MMD' '-v' '-o' 'CMakeFiles/cmTC_93759.dir/CMakeCXXCompilerABI.cpp.obj' '-c' '-specs=device-specs/specs-avr2'
 /opt/arduino-1.8.9/hardware/tools/avr/bin/../lib/gcc/avr/5.4.0/../../../../avr/bin/as -mmcu=avr2 -o CMakeFiles/cmTC_93759.dir/CMakeCXXCompilerABI.cpp.obj /tmp/ccM5rBlK.s
COMPILER_PATH=/opt/arduino-1.8.9/hardware/tools/avr/bin/../libexec/gcc/avr/5.4.0/:/opt/arduino-1.8.9/hardware/tools/avr/bin/../libexec/gcc/:/opt/arduino-1.8.9/hardware/tools/avr/bin/../lib/gcc/avr/5.4.0/../../../../avr/bin/
LIBRARY_PATH=/opt/arduino-1.8.9/hardware/tools/avr/bin/../lib/gcc/avr/5.4.0/:/opt/arduino-1.8.9/hardware/tools/avr/bin/../lib/gcc/:/opt/arduino-1.8.9/hardware/tools/avr/bin/../lib/gcc/avr/5.4.0/../../../../avr/lib/
COLLECT_GCC_OPTIONS='-g' '-Os' '-w' '-fno-exceptions' '-ffunction-sections' '-fdata-sections' '-fno-threadsafe-statics' '-MMD' '-v' '-o' 'CMakeFiles/cmTC_93759.dir/CMakeCXXCompilerABI.cpp.obj' '-c' '-specs=device-specs/specs-avr2'
Linking CXX executable cmTC_93759
/home/thinkpad/bin/clion-2019.3.2/bin/cmake/linux/bin/cmake -E cmake_link_script CMakeFiles/cmTC_93759.dir/link.txt --verbose=1
/opt/arduino-1.8.9/hardware/tools/avr/bin/avr-g++  -g -Os -w -fno-exceptions -ffunction-sections -fdata-sections -fno-threadsafe-statics -MMD   -w -Os -Wl,--gc-sections -v CMakeFiles/cmTC_93759.dir/CMakeCXXCompilerABI.cpp.obj  -o cmTC_93759 
Using built-in specs.
Reading specs from /opt/arduino-1.8.9/hardware/tools/avr/bin/../lib/gcc/avr/5.4.0/device-specs/specs-avr2
COLLECT_GCC=/opt/arduino-1.8.9/hardware/tools/avr/bin/avr-g++
COLLECT_LTO_WRAPPER=/opt/arduino-1.8.9/hardware/tools/avr/bin/../libexec/gcc/avr/5.4.0/lto-wrapper
Target: avr
Configured with: ../gcc/configure --enable-fixed-point --enable-languages=c,c++ --prefix=/home/jenkins/workspace/avr-gcc-staging/label/debian7-x86_64/objdir --disable-nls --disable-libssp --disable-libada --disable-shared --with-avrlibc=yes --with-dwarf2 --disable-doc --target=avr
Thread model: single
gcc version 5.4.0 (GCC) 
COMPILER_PATH=/opt/arduino-1.8.9/hardware/tools/avr/bin/../libexec/gcc/avr/5.4.0/:/opt/arduino-1.8.9/hardware/tools/avr/bin/../libexec/gcc/:/opt/arduino-1.8.9/hardware/tools/avr/bin/../lib/gcc/avr/5.4.0/../../../../avr/bin/
LIBRARY_PATH=/opt/arduino-1.8.9/hardware/tools/avr/bin/../lib/gcc/avr/5.4.0/:/opt/arduino-1.8.9/hardware/tools/avr/bin/../lib/gcc/:/opt/arduino-1.8.9/hardware/tools/avr/bin/../lib/gcc/avr/5.4.0/../../../../avr/lib/
COLLECT_GCC_OPTIONS='-g' '-Os' '-w' '-fno-exceptions' '-ffunction-sections' '-fdata-sections' '-fno-threadsafe-statics' '-MMD' '-w' '-Os' '-v' '-o' 'cmTC_93759' '-specs=device-specs/specs-avr2'
 /opt/arduino-1.8.9/hardware/tools/avr/bin/../libexec/gcc/avr/5.4.0/collect2 -plugin /opt/arduino-1.8.9/hardware/tools/avr/bin/../libexec/gcc/avr/5.4.0/liblto_plugin.so -plugin-opt=/opt/arduino-1.8.9/hardware/tools/avr/bin/../libexec/gcc/avr/5.4.0/lto-wrapper -plugin-opt=-fresolution=/tmp/ccPz2yGd.res -plugin-opt=-pass-through=-lgcc -plugin-opt=-pass-through=-lm -plugin-opt=-pass-through=-lc --pmem-wrap-around=8k -o cmTC_93759 -L/opt/arduino-1.8.9/hardware/tools/avr/bin/../lib/gcc/avr/5.4.0 -L/opt/arduino-1.8.9/hardware/tools/avr/bin/../lib/gcc -L/opt/arduino-1.8.9/hardware/tools/avr/bin/../lib/gcc/avr/5.4.0/../../../../avr/lib --gc-sections CMakeFiles/cmTC_93759.dir/CMakeCXXCompilerABI.cpp.obj -lgcc -lm --start-group -lgcc -lm -lc --end-group
make[1]: Leaving directory '/home/thinkpad/workspace/tetris/tetris-arduino/cmake-build-debug/CMakeFiles/CMakeTmp'



Parsed CXX implicit include dir info from above output: rv=done
  found start of include info
  found start of implicit include info
    add: [/opt/arduino-1.8.9/hardware/tools/avr/bin/../lib/gcc/avr/5.4.0/include]
    add: [/opt/arduino-1.8.9/hardware/tools/avr/bin/../lib/gcc/avr/5.4.0/include-fixed]
    add: [/opt/arduino-1.8.9/hardware/tools/avr/bin/../lib/gcc/avr/5.4.0/../../../../avr/include]
  end of search list found
  collapse include dir [/opt/arduino-1.8.9/hardware/tools/avr/bin/../lib/gcc/avr/5.4.0/include] ==> [/opt/arduino-1.8.9/hardware/tools/avr/lib/gcc/avr/5.4.0/include]
  collapse include dir [/opt/arduino-1.8.9/hardware/tools/avr/bin/../lib/gcc/avr/5.4.0/include-fixed] ==> [/opt/arduino-1.8.9/hardware/tools/avr/lib/gcc/avr/5.4.0/include-fixed]
  collapse include dir [/opt/arduino-1.8.9/hardware/tools/avr/bin/../lib/gcc/avr/5.4.0/../../../../avr/include] ==> [/opt/arduino-1.8.9/hardware/tools/avr/avr/include]
  implicit include dirs: [/opt/arduino-1.8.9/hardware/tools/avr/lib/gcc/avr/5.4.0/include;/opt/arduino-1.8.9/hardware/tools/avr/lib/gcc/avr/5.4.0/include-fixed;/opt/arduino-1.8.9/hardware/tools/avr/avr/include]


Parsed CXX implicit link information from above output:
  link line regex: [^( *|.*[/\])(avr-ld|CMAKE_LINK_STARTFILE-NOTFOUND|([^/\]+-)?ld|collect2)[^/\]*( |$)]
  ignore line: [Change Dir: /home/thinkpad/workspace/tetris/tetris-arduino/cmake-build-debug/CMakeFiles/CMakeTmp]
  ignore line: []
  ignore line: [Run Build Command(s):/usr/bin/make cmTC_93759/fast && /usr/bin/make -f CMakeFiles/cmTC_93759.dir/build.make CMakeFiles/cmTC_93759.dir/build]
  ignore line: [make[1]: Entering directory '/home/thinkpad/workspace/tetris/tetris-arduino/cmake-build-debug/CMakeFiles/CMakeTmp']
  ignore line: [Building CXX object CMakeFiles/cmTC_93759.dir/CMakeCXXCompilerABI.cpp.obj]
  ignore line: [/opt/arduino-1.8.9/hardware/tools/avr/bin/avr-g++    -g -Os -w -fno-exceptions -ffunction-sections -fdata-sections -fno-threadsafe-statics -MMD    -v -o CMakeFiles/cmTC_93759.dir/CMakeCXXCompilerABI.cpp.obj -c /home/thinkpad/bin/clion-2019.3.2/bin/cmake/linux/share/cmake-3.15/Modules/CMakeCXXCompilerABI.cpp]
  ignore line: [Using built-in specs.]
  ignore line: [Reading specs from /opt/arduino-1.8.9/hardware/tools/avr/bin/../lib/gcc/avr/5.4.0/device-specs/specs-avr2]
  ignore line: [COLLECT_GCC=/opt/arduino-1.8.9/hardware/tools/avr/bin/avr-g++]
  ignore line: [Target: avr]
  ignore line: [Configured with: ../gcc/configure --enable-fixed-point --enable-languages=c,c++ --prefix=/home/jenkins/workspace/avr-gcc-staging/label/debian7-x86_64/objdir --disable-nls --disable-libssp --disable-libada --disable-shared --with-avrlibc=yes --with-dwarf2 --disable-doc --target=avr]
  ignore line: [Thread model: single]
  ignore line: [gcc version 5.4.0 (GCC) ]
  ignore line: [COLLECT_GCC_OPTIONS='-g' '-Os' '-w' '-fno-exceptions' '-ffunction-sections' '-fdata-sections' '-fno-threadsafe-statics' '-MMD' '-v' '-o' 'CMakeFiles/cmTC_93759.dir/CMakeCXXCompilerABI.cpp.obj' '-c' '-specs=device-specs/specs-avr2']
  ignore line: [ /opt/arduino-1.8.9/hardware/tools/avr/bin/../libexec/gcc/avr/5.4.0/cc1plus -quiet -v -iprefix /opt/arduino-1.8.9/hardware/tools/avr/bin/../lib/gcc/avr/5.4.0/ -MMD CMakeFiles/cmTC_93759.dir/CMakeCXXCompilerABI.cpp.d -MQ CMakeFiles/cmTC_93759.dir/CMakeCXXCompilerABI.cpp.obj /home/thinkpad/bin/clion-2019.3.2/bin/cmake/linux/share/cmake-3.15/Modules/CMakeCXXCompilerABI.cpp -mn-flash=1 -mskip-bug -quiet -dumpbase CMakeCXXCompilerABI.cpp -auxbase-strip CMakeFiles/cmTC_93759.dir/CMakeCXXCompilerABI.cpp.obj -g -Os -w -version -fno-exceptions -ffunction-sections -fdata-sections -fno-threadsafe-statics -mn-flash=1 -mskip-bug -fno-rtti -fno-enforce-eh-specs -fno-exceptions -o /tmp/ccM5rBlK.s]
  ignore line: [GNU C++ (GCC) version 5.4.0 (avr)]
  ignore line: [	compiled by GNU C version 4.7.2, GMP version 5.0.2, MPFR version 3.0.0, MPC version 0.9]
  ignore line: [GGC heuristics: --param ggc-min-expand=100 --param ggc-min-heapsize=131072]
  ignore line: [ignoring nonexistent directory "/opt/arduino-1.8.9/hardware/tools/avr/bin/../lib/gcc/avr/5.4.0/../../../../avr/include/c++/5.4.0"]
  ignore line: [ignoring nonexistent directory "/opt/arduino-1.8.9/hardware/tools/avr/bin/../lib/gcc/avr/5.4.0/../../../../avr/include/c++/5.4.0/avr"]
  ignore line: [ignoring nonexistent directory "/opt/arduino-1.8.9/hardware/tools/avr/bin/../lib/gcc/avr/5.4.0/../../../../avr/include/c++/5.4.0/backward"]
  ignore line: [ignoring nonexistent directory "/opt/arduino-1.8.9/hardware/tools/avr/bin/../lib/gcc/avr/5.4.0/../../../../avr/sys-include"]
  ignore line: [ignoring nonexistent directory "/opt/arduino-1.8.9/hardware/tools/avr/bin/../lib/gcc/../../lib/gcc/avr/5.4.0/../../../../avr/include/c++/5.4.0"]
  ignore line: [ignoring nonexistent directory "/opt/arduino-1.8.9/hardware/tools/avr/bin/../lib/gcc/../../lib/gcc/avr/5.4.0/../../../../avr/include/c++/5.4.0/avr"]
  ignore line: [ignoring nonexistent directory "/opt/arduino-1.8.9/hardware/tools/avr/bin/../lib/gcc/../../lib/gcc/avr/5.4.0/../../../../avr/include/c++/5.4.0/backward"]
  ignore line: [ignoring duplicate directory "/opt/arduino-1.8.9/hardware/tools/avr/bin/../lib/gcc/../../lib/gcc/avr/5.4.0/include"]
  ignore line: [ignoring duplicate directory "/opt/arduino-1.8.9/hardware/tools/avr/bin/../lib/gcc/../../lib/gcc/avr/5.4.0/include-fixed"]
  ignore line: [ignoring nonexistent directory "/opt/arduino-1.8.9/hardware/tools/avr/bin/../lib/gcc/../../lib/gcc/avr/5.4.0/../../../../avr/sys-include"]
  ignore line: [ignoring duplicate directory "/opt/arduino-1.8.9/hardware/tools/avr/bin/../lib/gcc/../../lib/gcc/avr/5.4.0/../../../../avr/include"]
  ignore line: [#include "..." search starts here:]
  ignore line: [#include <...> search starts here:]
  ignore line: [ /opt/arduino-1.8.9/hardware/tools/avr/bin/../lib/gcc/avr/5.4.0/include]
  ignore line: [ /opt/arduino-1.8.9/hardware/tools/avr/bin/../lib/gcc/avr/5.4.0/include-fixed]
  ignore line: [ /opt/arduino-1.8.9/hardware/tools/avr/bin/../lib/gcc/avr/5.4.0/../../../../avr/include]
  ignore line: [End of search list.]
  ignore line: [GNU C++ (GCC) version 5.4.0 (avr)]
  ignore line: [	compiled by GNU C version 4.7.2, GMP version 5.0.2, MPFR version 3.0.0, MPC version 0.9]
  ignore line: [GGC heuristics: --param ggc-min-expand=100 --param ggc-min-heapsize=131072]
  ignore line: [Compiler executable checksum: 2807235df8e4e1c1f4596ebd9fe8926b]
  ignore line: [COLLECT_GCC_OPTIONS='-g' '-Os' '-w' '-fno-exceptions' '-ffunction-sections' '-fdata-sections' '-fno-threadsafe-statics' '-MMD' '-v' '-o' 'CMakeFiles/cmTC_93759.dir/CMakeCXXCompilerABI.cpp.obj' '-c' '-specs=device-specs/specs-avr2']
  ignore line: [ /opt/arduino-1.8.9/hardware/tools/avr/bin/../lib/gcc/avr/5.4.0/../../../../avr/bin/as -mmcu=avr2 -o CMakeFiles/cmTC_93759.dir/CMakeCXXCompilerABI.cpp.obj /tmp/ccM5rBlK.s]
  ignore line: [COMPILER_PATH=/opt/arduino-1.8.9/hardware/tools/avr/bin/../libexec/gcc/avr/5.4.0/:/opt/arduino-1.8.9/hardware/tools/avr/bin/../libexec/gcc/:/opt/arduino-1.8.9/hardware/tools/avr/bin/../lib/gcc/avr/5.4.0/../../../../avr/bin/]
  ignore line: [LIBRARY_PATH=/opt/arduino-1.8.9/hardware/tools/avr/bin/../lib/gcc/avr/5.4.0/:/opt/arduino-1.8.9/hardware/tools/avr/bin/../lib/gcc/:/opt/arduino-1.8.9/hardware/tools/avr/bin/../lib/gcc/avr/5.4.0/../../../../avr/lib/]
  ignore line: [COLLECT_GCC_OPTIONS='-g' '-Os' '-w' '-fno-exceptions' '-ffunction-sections' '-fdata-sections' '-fno-threadsafe-statics' '-MMD' '-v' '-o' 'CMakeFiles/cmTC_93759.dir/CMakeCXXCompilerABI.cpp.obj' '-c' '-specs=device-specs/specs-avr2']
  ignore line: [Linking CXX executable cmTC_93759]
  ignore line: [/home/thinkpad/bin/clion-2019.3.2/bin/cmake/linux/bin/cmake -E cmake_link_script CMakeFiles/cmTC_93759.dir/link.txt --verbose=1]
  ignore line: [/opt/arduino-1.8.9/hardware/tools/avr/bin/avr-g++  -g -Os -w -fno-exceptions -ffunction-sections -fdata-sections -fno-threadsafe-statics -MMD   -w -Os -Wl,--gc-sections -v CMakeFiles/cmTC_93759.dir/CMakeCXXCompilerABI.cpp.obj  -o cmTC_93759 ]
  ignore line: [Using built-in specs.]
  ignore line: [Reading specs from /opt/arduino-1.8.9/hardware/tools/avr/bin/../lib/gcc/avr/5.4.0/device-specs/specs-avr2]
  ignore line: [COLLECT_GCC=/opt/arduino-1.8.9/hardware/tools/avr/bin/avr-g++]
  ignore line: [COLLECT_LTO_WRAPPER=/opt/arduino-1.8.9/hardware/tools/avr/bin/../libexec/gcc/avr/5.4.0/lto-wrapper]
  ignore line: [Target: avr]
  ignore line: [Configured with: ../gcc/configure --enable-fixed-point --enable-languages=c,c++ --prefix=/home/jenkins/workspace/avr-gcc-staging/label/debian7-x86_64/objdir --disable-nls --disable-libssp --disable-libada --disable-shared --with-avrlibc=yes --with-dwarf2 --disable-doc --target=avr]
  ignore line: [Thread model: single]
  ignore line: [gcc version 5.4.0 (GCC) ]
  ignore line: [COMPILER_PATH=/opt/arduino-1.8.9/hardware/tools/avr/bin/../libexec/gcc/avr/5.4.0/:/opt/arduino-1.8.9/hardware/tools/avr/bin/../libexec/gcc/:/opt/arduino-1.8.9/hardware/tools/avr/bin/../lib/gcc/avr/5.4.0/../../../../avr/bin/]
  ignore line: [LIBRARY_PATH=/opt/arduino-1.8.9/hardware/tools/avr/bin/../lib/gcc/avr/5.4.0/:/opt/arduino-1.8.9/hardware/tools/avr/bin/../lib/gcc/:/opt/arduino-1.8.9/hardware/tools/avr/bin/../lib/gcc/avr/5.4.0/../../../../avr/lib/]
  ignore line: [COLLECT_GCC_OPTIONS='-g' '-Os' '-w' '-fno-exceptions' '-ffunction-sections' '-fdata-sections' '-fno-threadsafe-statics' '-MMD' '-w' '-Os' '-v' '-o' 'cmTC_93759' '-specs=device-specs/specs-avr2']
  link line: [ /opt/arduino-1.8.9/hardware/tools/avr/bin/../libexec/gcc/avr/5.4.0/collect2 -plugin /opt/arduino-1.8.9/hardware/tools/avr/bin/../libexec/gcc/avr/5.4.0/liblto_plugin.so -plugin-opt=/opt/arduino-1.8.9/hardware/tools/avr/bin/../libexec/gcc/avr/5.4.0/lto-wrapper -plugin-opt=-fresolution=/tmp/ccPz2yGd.res -plugin-opt=-pass-through=-lgcc -plugin-opt=-pass-through=-lm -plugin-opt=-pass-through=-lc --pmem-wrap-around=8k -o cmTC_93759 -L/opt/arduino-1.8.9/hardware/tools/avr/bin/../lib/gcc/avr/5.4.0 -L/opt/arduino-1.8.9/hardware/tools/avr/bin/../lib/gcc -L/opt/arduino-1.8.9/hardware/tools/avr/bin/../lib/gcc/avr/5.4.0/../../../../avr/lib --gc-sections CMakeFiles/cmTC_93759.dir/CMakeCXXCompilerABI.cpp.obj -lgcc -lm --start-group -lgcc -lm -lc --end-group]
    arg [/opt/arduino-1.8.9/hardware/tools/avr/bin/../libexec/gcc/avr/5.4.0/collect2] ==> ignore
    arg [-plugin] ==> ignore
    arg [/opt/arduino-1.8.9/hardware/tools/avr/bin/../libexec/gcc/avr/5.4.0/liblto_plugin.so] ==> ignore
    arg [-plugin-opt=/opt/arduino-1.8.9/hardware/tools/avr/bin/../libexec/gcc/avr/5.4.0/lto-wrapper] ==> ignore
    arg [-plugin-opt=-fresolution=/tmp/ccPz2yGd.res] ==> ignore
    arg [-plugin-opt=-pass-through=-lgcc] ==> ignore
    arg [-plugin-opt=-pass-through=-lm] ==> ignore
    arg [-plugin-opt=-pass-through=-lc] ==> ignore
    arg [--pmem-wrap-around=8k] ==> ignore
    arg [-o] ==> ignore
    arg [cmTC_93759] ==> ignore
    arg [-L/opt/arduino-1.8.9/hardware/tools/avr/bin/../lib/gcc/avr/5.4.0] ==> dir [/opt/arduino-1.8.9/hardware/tools/avr/bin/../lib/gcc/avr/5.4.0]
    arg [-L/opt/arduino-1.8.9/hardware/tools/avr/bin/../lib/gcc] ==> dir [/opt/arduino-1.8.9/hardware/tools/avr/bin/../lib/gcc]
    arg [-L/opt/arduino-1.8.9/hardware/tools/avr/bin/../lib/gcc/avr/5.4.0/../../../../avr/lib] ==> dir [/opt/arduino-1.8.9/hardware/tools/avr/bin/../lib/gcc/avr/5.4.0/../../../../avr/lib]
    arg [--gc-sections] ==> ignore
    arg [CMakeFiles/cmTC_93759.dir/CMakeCXXCompilerABI.cpp.obj] ==> ignore
    arg [-lgcc] ==> lib [gcc]
    arg [-lm] ==> lib [m]
    arg [--start-group] ==> ignore
    arg [-lgcc] ==> lib [gcc]
    arg [-lm] ==> lib [m]
    arg [-lc] ==> lib [c]
    arg [--end-group] ==> ignore
  collapse library dir [/opt/arduino-1.8.9/hardware/tools/avr/bin/../lib/gcc/avr/5.4.0] ==> [/opt/arduino-1.8.9/hardware/tools/avr/lib/gcc/avr/5.4.0]
  collapse library dir [/opt/arduino-1.8.9/hardware/tools/avr/bin/../lib/gcc] ==> [/opt/arduino-1.8.9/hardware/tools/avr/lib/gcc]
  collapse library dir [/opt/arduino-1.8.9/hardware/tools/avr/bin/../lib/gcc/avr/5.4.0/../../../../avr/lib] ==> [/opt/arduino-1.8.9/hardware/tools/avr/avr/lib]
  implicit libs: [gcc;m;gcc;m;c]
  implicit dirs: [/opt/arduino-1.8.9/hardware/tools/avr/lib/gcc/avr/5.4.0;/opt/arduino-1.8.9/hardware/tools/avr/lib/gcc;/opt/arduino-1.8.9/hardware/tools/avr/avr/lib]
  implicit fwks: []


